Building for debugging...
[0/3] Write swift-version--58304C5D6DBC2206.txt
Build of product 'App' complete! (0.18s)
[ NOTICE ] Server started on http://0.0.0.0:8090
[ INFO ] GET /api/health [request-id: 1F3D67C6-876D-4D2B-B2B8-434B758154FD]
[ INFO ] GET /hub.html [request-id: 466DF304-C82B-4D17-9DC2-7DB033334DCB]
[ INFO ] GET /js/auth.js [request-id: AF38CB9C-E38D-4BC3-90DC-C0B917E28841]
[ INFO ] GET /images/lyra.jpeg [request-id: 59E40E33-395D-47D1-B9CF-9D246006F176]
[ INFO ] GET /js/cursor-fx.js [request-id: F34A57A1-221E-4649-8EDC-C6F06DAB837E]
[ INFO ] GET /css/style.css [request-id: 1556BF41-8CD5-4CD3-8CE9-5861454C65E9]
[ INFO ] GET /js/api.js [request-id: 98A872CA-2956-4DD1-9CDA-71CF1FC57E00]
[ INFO ] GET /index.html [request-id: D45A1740-AEBD-4084-8F4A-2D33DD4DD218]
[ INFO ] GET /css/style.css [request-id: BBB29C28-8D36-42AC-A5C2-E02E66820EBA]
[ INFO ] GET /favicon.ico [request-id: 8A55089E-CA22-4E1D-A3F6-CDC6DA3443E4]
[ INFO ] GET /apple-touch-icon-precomposed.png [request-id: 4E809210-1AE5-41DE-9B6C-0657B2F96251]
[ INFO ] GET /apple-touch-icon.png [request-id: D9CC3006-C5E2-4549-98AB-045F7F7E66A1]
[ INFO ] GET /admin/ [request-id: 882D0F85-9ED4-4DD7-9F50-395A53601FBA]
[ INFO ] GET /js/api.js [request-id: 3AD44659-2E53-4A22-9A3F-A8D115CC4AC4]
[ INFO ] GET /api/chat/unread [request-id: B83DBB62-2A81-4AF7-8BA3-487B1B7FF45F]
[ INFO ] GET /admin.html [request-id: 072BFC94-4532-4DF7-BFCC-A516564A26D9]
[ INFO ] GET /admin.html [request-id: 43194044-20F9-4828-9688-3BEC323C5363]
[ INFO ] GET /admin.html [request-id: D3E96264-A42D-4A42-B19C-8AE9023AE3C1]
[ INFO ] GET /admin/index.html [request-id: F4C55F9F-769F-4D6A-B320-ADE1F363BEBF]
[ INFO ] GET /api/chat/unread [request-id: 7B96AC2A-743C-4201-BD0B-6CE0303C561D]
[ INFO ] POST /api/admin/login [request-id: 6E9A6C4C-F1C7-4BAF-B23B-511326957B49]
[ INFO ] GET /api/games [request-id: C5A52930-3968-4C60-AFD7-D2612FE7135D]
[ INFO ] GET /api/admin/students [request-id: 5C089A9E-B676-4158-AB6D-E5C8856DFDD5]
[ INFO ] GET /api/admin/overview [request-id: D4335F4A-057C-4E44-ACC4-75A135F0594C]
[ INFO ] GET /api/chat/all [request-id: 105C0E5E-1F2C-485A-B38A-587B0B8B8DE6]
[ INFO ] GET /api/admin/klassen/list [request-id: 416D1C99-6806-4532-93BF-D4421156D263]
[ INFO ] GET /api/admin/vocab/topics [request-id: 1EB794EA-30E9-4365-9361-8ADDA7C63AEA]
[ INFO ] DELETE /api/admin/students/C19D29E3-ECD6-4AAC-908B-48C4AC64C567 [request-id: 7B3B6ADA-5444-4736-BD42-F6D265AD6AD0]
[ INFO ] GET /api/admin/students [request-id: C6F2EF40-B9A2-4923-9580-B0FA6FBEDF40]
[ INFO ] GET /api/games [request-id: F27FD8AA-F25F-4E7C-AF39-D3F92889665E]
[ INFO ] GET /api/admin/overview [request-id: 00E6D66E-FD18-4DFF-A736-EE28147721A8]
[ INFO ] GET /api/admin/vocab/topics [request-id: 6B91971B-B22D-4D0C-85F0-669A6F69D0F1]
[ INFO ] GET /api/admin/klassen/list [request-id: DE19A9B2-6278-40B7-996F-FF19622C6F49]
[ INFO ] GET /api/chat/all [request-id: 9F8BFDC7-8CCF-435A-8D68-C11B70C8A0C3]
[ INFO ] GET /api/admin/students/D6CD4259-9B6A-461F-98E2-44B58C7D6A7E/detail [request-id: 553D8AC5-740A-4672-B430-0339D7166539]
[ INFO ] DELETE /api/admin/students/B48DEC1D-ED15-4477-8A6A-85B1EFA3C70B [request-id: 08A6141B-7266-4900-A90D-CE820403608F]
[ INFO ] GET /api/admin/overview [request-id: 1E16AE7D-5E83-4704-AD40-9C473D912317]
[ INFO ] GET /api/games [request-id: 12A7E6A6-3078-4A43-82D3-2C5C54A6DDFE]
[ INFO ] GET /api/admin/students [request-id: 3F057D8E-C405-4FB3-823A-13F72C9C70B9]
[ INFO ] GET /api/admin/klassen/list [request-id: EF652105-E068-4070-86C8-7D70704E8318]
[ INFO ] GET /api/admin/vocab/topics [request-id: 419708B6-DA2C-4DFE-80F9-C0886978FCC7]
[ INFO ] GET /api/chat/all [request-id: 6593DDEB-48E1-4241-9E95-A9A5AC576634]
[ INFO ] DELETE /api/admin/students/D6CD4259-9B6A-461F-98E2-44B58C7D6A7E [request-id: 9580C608-B0CD-4472-850B-09F98C464213]
[ INFO ] GET /api/games [request-id: D16252DA-2B3E-49B7-981E-882B102E7EAA]
[ INFO ] GET /api/admin/students [request-id: 7058C5FF-EDA4-4EB4-93AB-64B7E40F0B86]
[ INFO ] GET /api/admin/overview [request-id: 71AF53B7-BD4B-43B1-88D5-5A467C0701FA]
[ INFO ] GET /api/admin/klassen/list [request-id: 31030386-DE66-4B9F-869A-A8A25E4DA1F3]
[ INFO ] GET /api/chat/all [request-id: D073B5EE-EB77-4719-B2AA-6DF1497E4947]
[ INFO ] GET /api/admin/vocab/topics [request-id: B4FDE04F-A343-4F05-80B8-91C600DDB9A7]
[ INFO ] DELETE /api/admin/students/F053C464-E3D2-41DB-811E-61A1D77ED133 [request-id: BDD66F2D-0555-4A80-99EC-490D6D728CF7]
[ INFO ] GET /api/admin/overview [request-id: 94CEC390-7C75-4120-BF92-6BD92A6BFCF1]
[ INFO ] GET /api/games [request-id: 80DB16D8-DF9F-4274-8AA0-54D913834D05]
[ INFO ] GET /api/admin/students [request-id: 63C53C85-5B69-4692-9DBB-D648A937F99B]
[ INFO ] GET /api/admin/klassen/list [request-id: B7F57F40-A87E-4422-8B29-273368716CBF]
[ INFO ] GET /api/admin/vocab/topics [request-id: C8C03A93-2642-4145-B228-83201A835EEA]
[ INFO ] GET /api/chat/all [request-id: DD50E0E1-B346-4264-ADA3-21D7EB960135]
[ INFO ] DELETE /api/admin/students/83A02363-FA7E-4B6F-BE1E-0B79C44FF12A [request-id: CC90FEE8-5289-41AB-9BD6-CEF807E253FD]
[ INFO ] GET /api/games [request-id: 53D3E410-CD51-4549-965F-9F5CE4798F7F]
[ INFO ] GET /api/admin/overview [request-id: F5B49DC5-BFDF-4349-84CE-875605FD569A]
[ INFO ] GET /api/admin/students [request-id: 517F8966-D078-463E-B238-0AEB50146349]
[ INFO ] GET /api/admin/klassen/list [request-id: 4B8506CC-BC01-4D30-90DC-20FE60099429]
[ INFO ] GET /api/admin/vocab/topics [request-id: 0B031C39-4D50-4790-ADE5-BBFE56F4631B]
[ INFO ] GET /api/chat/all [request-id: 0F0E95F0-B451-4FD9-9523-837362EF9757]
[ INFO ] GET /api/chat/unread [request-id: 3F445B70-1124-4B58-9896-6A2649080423]
[ INFO ] GET /api/chat/unread [request-id: 58BCE8C2-579C-4914-8BB2-A0784D3BA244]
[ INFO ] GET /api/chat/unread [request-id: BE48A65B-1806-4910-9705-54FCC4C7B540]
[ INFO ] GET /api/chat/unread [request-id: 7A53CAE9-C509-4A68-B90F-1C6BB0664DF4]
[ INFO ] GET /api/chat/unread [request-id: 395F7BA9-D338-4BB8-958C-B3C2310AE702]
[ INFO ] GET /api/chat/unread [request-id: 6B815EBE-EB62-4FC1-8853-5AF5732B02B6]
[ INFO ] GET /api/chat/unread [request-id: AF40677D-21BA-40EC-92E7-9654B8E34F1C]
[ INFO ] POST /api/admin/klassen/create [request-id: D1202DF7-FED5-4F52-B5C5-FF77649A2DCA]
[ INFO ] GET /api/admin/klassen/list [request-id: B1756D97-A5FF-414D-927C-8B6AF262A20D]
[ INFO ] GET /api/chat/unread [request-id: A4AF76B8-D337-4676-86F3-0D824A0E56E0]
[ INFO ] GET /api/admin/klassen/8BAEC93F-5CEE-43FE-990D-B9674FED3FEE/detail [request-id: 9291D887-63D2-4CE9-929C-4089E6659ED3]
[ INFO ] GET /api/chat/unread [request-id: 3F33180C-109E-4AD5-8BDC-7D4F193A2003]
[ INFO ] GET /api/chat/unread [request-id: AF915AB7-188D-41B3-AAA3-CEC3A0B05825]
[ INFO ] GET /api/chat/unread [request-id: 0AB36DA6-E51E-41BD-A25B-FE54DF84DD7D]
[ INFO ] GET /api/chat/unread [request-id: 293CD22E-A9BC-4880-AB66-83137BDD1E99]
[ INFO ] GET /api/chat/unread [request-id: 62A2E912-AF60-48FE-B364-8AC2F087CCBF]
[ INFO ] GET /api/chat/unread [request-id: D429C5E5-C324-4045-92C2-B0F71E4C91D8]
[ INFO ] POST /api/admin/klassen/8BAEC93F-5CEE-43FE-990D-B9674FED3FEE/students [request-id: 1B9D82E1-7869-4913-B4A8-63EEC1C06EAF]
[ INFO ] GET /api/admin/klassen/8BAEC93F-5CEE-43FE-990D-B9674FED3FEE/detail [request-id: 7F3302EF-6D94-4AF1-8677-0FC5FF4DB254]
[ INFO ] GET /api/pdf/list [request-id: C429378E-6418-41EA-B0AF-2F76BE5AF082]
[ INFO ] GET /api/chat/unread [request-id: DF5D3B80-B4F0-47A2-8E50-B1AEA4420A2D]
[ INFO ] GET /api/ai/config [request-id: 8EEAD96B-09E2-4F85-99B4-9A2BD53D5F40]
[ INFO ] GET /api/ai/feedback/all [request-id: 18F91BB3-C931-4F54-9414-46C267346125]
[ INFO ] GET /api/chat/unread [request-id: 692D6808-82E5-4660-8F4B-E874726FF3AC]
[ INFO ] GET /api/chat/all [request-id: 64506A3E-8BF9-4963-AE21-19439BEB4D07]
[ INFO ] GET /api/chat/unread [request-id: 7F94A797-62D9-4264-A82C-6C1EA187F2FC]
[ INFO ] GET /api/chat/unread [request-id: 6FE3518E-8BFB-4F3C-BBD3-49DACDEB7705]
[ INFO ] GET /api/chat/unread [request-id: 08FED990-0AA1-474E-A29C-212D6F5433C8]
[ INFO ] GET /api/chat/unread [request-id: 989B3A3B-A837-4DC2-AA07-B5E053E39709]
[ INFO ] GET /api/chat/unread [request-id: 39BB78C2-0C5C-4D0C-8F11-563AEC36C673]
[ INFO ] GET /api/chat/unread [request-id: 07CBB360-261D-4FC8-9956-076D767E8C30]
[ INFO ] GET /api/chat/unread [request-id: 9BF5A41F-B964-4C86-BADA-79DE0BC35C47]
[ INFO ] GET /api/chat/unread [request-id: 7053FA86-8C35-4A66-A60E-4A5F3B8E107B]
[ INFO ] GET /api/chat/unread [request-id: D51E2293-94B9-40C8-A360-FD644F8F4EB7]
[ INFO ] GET /api/chat/unread [request-id: A4C5D397-F6F8-4618-9F25-D5446DE821AF]
[ INFO ] GET /api/chat/unread [request-id: B7A4107C-43DD-4047-AA0F-A8FFBF6C94D4]
[ INFO ] GET /api/chat/unread [request-id: 2B76F051-F429-4959-A303-795606B6D525]
[ INFO ] GET /api/chat/unread [request-id: A967B943-5C83-401B-BB60-EED0A88BFE82]
[ INFO ] GET /api/chat/unread [request-id: 05BB5BD1-838D-42A0-8848-32D8DA27870A]
[ INFO ] GET /api/chat/unread [request-id: 0FBC00F3-041B-475B-BB85-17B532FFC5A2]
[ INFO ] GET /api/chat/unread [request-id: A8E975C1-D300-40EF-8362-9216ECCA006F]
[ INFO ] GET /api/chat/unread [request-id: 9EEE80FD-610E-41A9-A09C-F9CEAA27CF12]
[ INFO ] GET /api/chat/unread [request-id: 9A575D70-2D85-4088-BBED-DD3CFE3E6F76]
[ INFO ] GET /api/chat/unread [request-id: D71C1ACD-8EFF-4FFC-A9C2-92D7B2CC3AB1]
[ INFO ] GET /api/chat/unread [request-id: C603C7B0-CAED-4320-B73B-017DFBF8DBB1]
[ INFO ] GET /api/chat/unread [request-id: A9F46914-A94E-4CE0-A424-A1EA01883466]
[ INFO ] GET /api/chat/unread [request-id: 1BA0B418-83B9-49B4-B67C-1E1818C8A580]
[ INFO ] GET /api/chat/unread [request-id: CD27B4F8-5A68-43ED-8114-41A25B4C779A]
[ INFO ] GET /api/chat/unread [request-id: A58CE888-C07F-47B9-9911-4DF8AA83EFF5]
[ INFO ] GET /api/chat/unread [request-id: 2787612F-0C2B-4271-9734-B1B73130FEAB]
[ INFO ] GET /api/chat/unread [request-id: CB766D81-C346-4AA6-B693-B9EE92F72174]
[ INFO ] GET /api/chat/unread [request-id: 85613CEA-38EE-4659-910C-49E86BC8E904]
[ INFO ] GET /api/chat/unread [request-id: 949B0D87-6348-4898-AEFD-EC48F5BCA594]
[ INFO ] GET /api/chat/unread [request-id: 1C0B9126-A495-44B8-A68C-F4D3E22426FB]
[ INFO ] GET /api/chat/unread [request-id: C060FC5D-03B3-42FD-88CF-77969D99EDC0]
[ INFO ] GET /api/chat/unread [request-id: 4EF5F2A5-5B5B-44A5-A4EC-D0AF6AAF5FA3]
[ INFO ] GET /api/chat/unread [request-id: 941823D5-8A9E-4826-B5BC-ED366D6F1EDD]
[ INFO ] GET /api/chat/unread [request-id: ADBFD74A-5789-4CA9-8FEB-6FD9E84F38EB]
[ INFO ] GET /api/chat/unread [request-id: 3C064D83-DDB2-404F-B5BC-01165D726BD0]
[ INFO ] GET /api/chat/unread [request-id: 456BBC34-D5CF-47E0-BF6D-8AD075B0C064]
[ INFO ] POST /api/players/login [request-id: 21533E1D-D290-4502-BADF-BAFBF99BFF4F]
[ INFO ] GET /lernraum.html [request-id: 76EBB0D3-E7A6-48A3-BF16-4F7BDBB3FC30]
[ INFO ] GET /images/klassenzimmer.jpg [request-id: 29F82AE4-FC9D-4EB6-8759-22C8CB1C5787]
[ INFO ] GET /images/pausenhof.jpg [request-id: 1FD01B33-3D09-4881-9903-703AB548AC63]
[ INFO ] GET /images/arbeitsraum.jpg [request-id: 0A32401F-8199-458F-B209-7035DDA2A712]
[ INFO ] POST /api/lernraum/checkin [request-id: BE2C49CE-1793-4F0B-A7E7-0118B3FC84A3]
[ INFO ] GET /api/players/93D33D62-1E7D-4025-8084-6805D4674AE3/stats [request-id: 205C2D13-B5E0-4F62-AED4-96761FD27C8C]
[ INFO ] GET /api/games/for/93D33D62-1E7D-4025-8084-6805D4674AE3 [request-id: 7D424846-4636-4507-9601-6F1F5CE9AA7A]
[ INFO ] GET /api/vocab/stats/93D33D62-1E7D-4025-8084-6805D4674AE3 [request-id: 79BDCE7D-E558-4383-8D6C-1B3BD9FEE0A1]
[ INFO ] GET /api/personal/93D33D62-1E7D-4025-8084-6805D4674AE3 [request-id: 2204EC1D-10FB-4BB6-899B-290E4FB2E4A6]
[ INFO ] GET /api/ai/feedback/player/93D33D62-1E7D-4025-8084-6805D4674AE3 [request-id: 87422C2D-D50D-4D07-A9AC-B75233C3BEA3]
[ INFO ] GET /api/badges/player/93D33D62-1E7D-4025-8084-6805D4674AE3 [request-id: 5739C1A8-3697-42DE-AB68-BBC4BE284D3F]
[ INFO ] GET /api/chat/unread [request-id: 5C11C1BD-4E8D-4B45-9BFB-D4384FC50DDA]
[ INFO ] GET /materials.html [request-id: AE737F26-E19F-4697-A48D-9A9D93D9F275]
[ INFO ] GET /images/icon-lexik.png [request-id: BC80AD27-4F24-4356-BB25-0D594614238B]
[ INFO ] GET /images/icon-medienkompetenz.png [request-id: 098CBC4C-8EBD-419E-B3F0-018258DF40FE]
[ INFO ] GET /css/style.css [request-id: 9F86CEA8-C6B2-4976-AA70-0738AAC1D382]
[ INFO ] GET /images/icon-phonologie.png [request-id: 48346F5C-70F9-44B3-BC0C-44E267A7AA7A]
[ INFO ] GET /images/icon-grammatik.png [request-id: F9C20C29-0824-4EDD-B230-9F171E252DA1]
[ INFO ] GET /images/icon-kommunikation.png [request-id: B337911B-435C-4A07-9AB6-CC1DDB2555DC]
[ INFO ] GET /images/icon-hoerverstehen.png [request-id: 25201EC1-226D-401A-A891-2EA342F12D39]
[ INFO ] GET /images/icon-sprechen.png [request-id: 203AD370-12BF-4B16-999B-3275C9305415]
[ INFO ] GET /images/icon-leseverstehen.png [request-id: F2F2CADC-E203-4227-AD54-0B1C16A21E04]
[ INFO ] GET /images/icon-texterschliessung.png [request-id: D780682B-C57E-42BC-930B-94CBF7619705]
[ INFO ] GET /images/icon-methoden.png [request-id: DF124963-5459-44B3-9CC9-431AAFCFD9CE]
[ INFO ] GET /images/icon-textproduktion.png [request-id: 727CDF11-CDFB-4FB9-828E-76E742DE5FCA]
[ INFO ] GET /images/icon-sprache.png [request-id: AF267330-2C0F-46BD-BE53-A08F92A81DC2]
[ INFO ] GET /images/icon-interaktion.png [request-id: 4A461997-21A7-4750-9AC5-06EABC500630]
[ INFO ] GET /images/icon-schreiben.png [request-id: B02F3B86-98C0-45B7-9BC1-BBE02A5D6A32]
[ INFO ] GET /images/icon-mediation.png [request-id: 04C22076-AD08-4EB6-8568-EF12AD8AFAF1]
[ INFO ] GET /api/materials/submissions/93D33D62-1E7D-4025-8084-6805D4674AE3 [request-id: F39FAB5E-BE41-43F6-B5AC-FFE8CCD7CE89]
[ INFO ] GET /apple-touch-icon.png [request-id: AE5F972B-6B35-497F-A5AB-5D5A7AF2945A]
[ INFO ] GET /favicon.ico [request-id: A5996620-6E6F-4C3E-A3A3-7F9A755D2EFB]
[ INFO ] GET /apple-touch-icon-precomposed.png [request-id: C6F4BA69-0835-4B7C-BDD1-BFA493FD1A00]
[ INFO ] GET /api/chat/unread [request-id: C130BBF3-6D8E-49DC-899A-FEBCA08DD93A]
[ INFO ] GET /api/chat/unread [request-id: 90F1B23E-3B82-46CC-AC86-B23663276CC8]
[ INFO ] GET /api/chat/unread [request-id: 34E83C85-C85C-409F-B6B4-352B3B8B23A0]
[ INFO ] GET /api/chat/unread [request-id: 5D3DE567-806B-4141-81C8-E5569133DFF0]
[ INFO ] GET /api/chat/unread [request-id: AAA28CCA-5491-426B-8AFE-718FA8891B73]
[ INFO ] GET /api/chat/unread [request-id: 4BE10E9E-E9B3-4E50-AFE1-0F7FAEAFFD5F]
[ INFO ] GET /api/pdf/list [request-id: D4E107E5-1F74-4B0B-9A79-D3BF05A12C9D]
[ INFO ] GET /api/chat/unread [request-id: C6398A00-3F2E-4913-A743-3F41E65A7727]
[ INFO ] GET /api/chat/unread [request-id: 8C7268CA-72C8-46F6-AB89-4B78FB7963E2]
[ INFO ] GET /api/chat/unread [request-id: 7C7A0C52-7DB7-474A-873B-C94988EBA930]
[ INFO ] GET /api/chat/unread [request-id: 74241330-B121-4ED0-A464-7BA60B304708]
[ INFO ] GET /api/chat/unread [request-id: EA29C16C-D0FE-4CAC-B674-E074EAC30EDC]
[ INFO ] GET /api/chat/unread [request-id: FB026527-0B42-4421-B368-5B661DEECBF4]
[ INFO ] GET /api/chat/unread [request-id: B504D25C-885E-48D3-BB11-5E4D96B89564]
[ INFO ] GET /api/chat/unread [request-id: 83336692-09BD-4684-BFDD-16ED396FAFB5]
[ INFO ] GET /api/chat/unread [request-id: 1B897CE3-3853-448D-B406-E4233E4674EC]
[ INFO ] GET /api/chat/unread [request-id: 714C23D1-03B0-46E2-9F5E-C39ACFBAFFDD]
[ INFO ] GET /api/chat/unread [request-id: 9D70320F-D348-4078-B0F0-479026001FCA]
[ INFO ] GET /api/chat/unread [request-id: 94FED342-E365-42CC-83B6-1C8F07665DA7]
[ INFO ] GET /api/chat/unread [request-id: 48813E23-B79D-499B-B828-F1559F0D914D]
[ INFO ] GET /api/chat/unread [request-id: 41D16A18-CD08-4459-8E33-748A260DCC52]
[ INFO ] GET /api/chat/unread [request-id: 8569E669-D5FD-4D4D-869D-D9549264F8BF]
[ INFO ] GET /admin/index.html [request-id: FF3ED36D-2262-41F5-A291-CB71A3233F82]
[ INFO ] GET /api/games [request-id: B495B5A3-F49C-4F30-A5B0-B74F24832060]
[ INFO ] GET /api/admin/overview [request-id: EEEF6D8B-0D04-4E49-AAC5-725B0792D671]
[ INFO ] GET /api/chat/unread [request-id: 9390C1BA-E610-46ED-B8F9-33C4AF9BB80D]
[ INFO ] GET /api/admin/students [request-id: D4381F55-DC70-4A34-8D36-361A9A498AC8]
[ INFO ] GET /api/admin/klassen/list [request-id: 7D58A93D-A6A6-4347-9D7D-AFF862C9E7A7]
[ INFO ] GET /api/chat/all [request-id: 790F8DCB-E502-4E0C-82FA-2844784DEFDD]
[ INFO ] GET /api/admin/vocab/topics [request-id: F209A54D-C1F5-4DA1-A142-A187E13982C9]
[ INFO ] GET /api/pdf/list [request-id: A8CA8B1C-6B37-4DDC-98B4-ED3C45CB529E]
[ INFO ] GET /api/materials/admin/submissions [request-id: 25501459-6A56-4401-8250-FCA7DC2BDE76]
[ INFO ] GET /api/materials/admin/list-materials [request-id: 9E203C4C-EB71-436A-A735-5EA40F8959E7]
[ INFO ] GET /api/chat/unread [request-id: 40E68DF4-D69D-411E-9270-7F0C02545E52]
[ INFO ] GET /api/chat/unread [request-id: 7D03C0BE-49DF-463A-89EE-F4264BF3E1CE]
[ INFO ] GET /api/chat/unread [request-id: 4E4A452E-2FEF-4FDC-8A8F-2FD6D32E2899]
[ INFO ] GET /api/chat/unread [request-id: 58123788-1D9C-4FEF-8E0F-5C68C47D3970]
[ INFO ] GET /api/chat/unread [request-id: A135AD32-1B6D-499D-8EC8-A74507F7B373]
[ INFO ] GET /api/chat/unread [request-id: 93EA3B12-C0CD-467C-AB92-CDC0F01D2665]
[ INFO ] GET /api/chat/unread [request-id: 447DE7BD-EB6D-4E50-84C0-A9F479CE4834]
[ INFO ] GET /api/pdf/list [request-id: 94FC954D-D711-4126-A488-9D337987657F]
[ INFO ] GET /api/pdf/list [request-id: EB0C7EED-E6CD-4317-919F-3B901A35F70A]
[ INFO ] GET /api/chat/unread [request-id: 175932A4-4A8F-4212-B5E0-D317DD971D33]
[ INFO ] GET /api/chat/unread [request-id: 0C760816-49AF-4DE0-BF75-21ECD9780C2B]
[ INFO ] GET /api/chat/unread [request-id: 3B954490-8858-4AC0-9E36-E5A40704472D]
[ INFO ] GET /api/chat/unread [request-id: 40B0956A-9C9F-4216-A824-815893B3423A]
[ INFO ] GET /api/chat/unread [request-id: 8EC6C8DF-CBBC-4EBF-A74B-3A06C8B2599E]
[ INFO ] GET /api/chat/unread [request-id: A01ADAAF-3997-420F-ACC7-3A90E9023920]
[ INFO ] GET /api/chat/unread [request-id: 79236211-4D97-4E82-9A53-C5A02C060481]
[ INFO ] GET /api/system-prompt [request-id: 7FB063EB-01F8-420F-A4AE-0EAC704A635B]
[ INFO ] GET /api/chat/unread [request-id: B23CCAEC-327C-4E5E-ADC1-B0C6885F8B27]
[ INFO ] GET /api/chat/unread [request-id: 142C61BC-A4C6-4F0C-9774-982BCAB4EEB8]
[ INFO ] GET /api/chat/unread [request-id: 655465F0-910D-4CC2-A969-7C2C10C7C17F]
[ INFO ] GET /api/chat/unread [request-id: 2FD7ACD1-EA9E-4B14-98D1-3E35F093C424]
[ INFO ] GET /api/chat/unread [request-id: CA031D17-A1ED-496D-B8DE-0CDBB3AC3AE9]
[ INFO ] GET /api/chat/unread [request-id: 7EA23389-617E-464A-9E85-8ED4151F4BAB]
[ INFO ] GET /api/chat/unread [request-id: 326588CF-8911-4A9F-B2DC-E6E521614E6B]
[ INFO ] GET /api/chat/unread [request-id: 7D0907E7-9173-4FEC-B47C-D56D6FED3DE8]
[ INFO ] GET /api/games/for/93D33D62-1E7D-4025-8084-6805D4674AE3 [request-id: 45141D4D-34DB-4E1D-A71B-AAD56458DB48]
[ INFO ] GET /api/badges/player/93D33D62-1E7D-4025-8084-6805D4674AE3 [request-id: 8D185903-589E-4159-91A1-A1791B611D39]
[ INFO ] GET /api/players/93D33D62-1E7D-4025-8084-6805D4674AE3/stats [request-id: 061BAEAC-544F-4677-B42D-84C04D8ECBEE]
[ INFO ] GET /api/personal/93D33D62-1E7D-4025-8084-6805D4674AE3 [request-id: D6580AA2-B012-4BE8-8C6E-B302410E0A68]
[ INFO ] GET /api/ai/feedback/player/93D33D62-1E7D-4025-8084-6805D4674AE3 [request-id: 5D4B8301-F1C6-4A81-B8FF-74AE56BA258A]
[ INFO ] GET /api/vocab/stats/93D33D62-1E7D-4025-8084-6805D4674AE3 [request-id: 937AEA80-F0A0-45AD-B31A-FFF5C3BC3557]
[ INFO ] GET /favicon.ico [request-id: BA5A16E3-A451-4FE5-A27C-AEF75F098656]
[ INFO ] GET /apple-touch-icon-precomposed.png [request-id: D9B962DA-1BE9-490A-B806-A1934913C5FF]
[ INFO ] GET /apple-touch-icon.png [request-id: 594EBA71-8F57-44DF-839B-22E7E11DDEF3]
[ INFO ] GET /api/chat/unread [request-id: FBC3A4EA-C3D1-422F-8A92-3B5FE68AF0D0]
[ INFO ] GET /admin/index.html [request-id: DCB891FF-317C-4551-B4FC-80D02F987D22]
[ INFO ] GET /api/games [request-id: B15329E6-D588-4421-B689-687B151BFDD8]
[ INFO ] GET /api/admin/students [request-id: 2529624B-756A-402E-A1FF-D3703DAF486F]
[ INFO ] GET /api/admin/overview [request-id: 14D5322B-F6AA-46E2-91FB-8421845A12CE]
[ INFO ] GET /api/chat/unread [request-id: ED1D87C6-57EC-41ED-910C-B8FF8D4702C6]
[ INFO ] GET /api/admin/klassen/list [request-id: 3C5F9A1D-7E58-41EA-A80F-58C91EEB30E3]
[ INFO ] GET /api/chat/all [request-id: BAC4B13A-B384-442B-958C-34FB9BBBBBE3]
[ INFO ] GET /api/admin/vocab/topics [request-id: 5BC8613E-9277-4BFC-9FEA-B7F58DE9347F]
[ INFO ] GET /api/chat/unread [request-id: 8080E875-EC49-4CAE-89E5-CBEDD87D3B31]
[ INFO ] GET /api/chat/unread [request-id: 0AD707C7-AAA7-4D0D-9C01-B17B76400A9D]
[ INFO ] GET /api/chat/unread [request-id: 2C2E36F4-4C0D-4FB0-81BD-2CE1150B1DB5]
[ INFO ] GET /api/system-prompt [request-id: F2772C88-BD4B-4B01-87BE-C746E914D4C3]
[ INFO ] GET /api/chat/unread [request-id: 2D086EB4-5543-4701-B341-434397B84E1B]
[ INFO ] GET /api/chat/unread [request-id: E8906CDA-268A-4076-BBCE-4743A15B490A]
[ INFO ] GET /api/chat/unread [request-id: 830900FF-C4E9-4C5F-BA5B-8FD51B24957C]
[ INFO ] GET /api/chat/unread [request-id: 050DBEBE-7A15-437B-B2AA-7AFA5272FB65]
[ INFO ] GET /api/chat/unread [request-id: E7BFECAE-5059-43F4-8DF4-223F0E4A82A7]
[ INFO ] GET /api/chat/unread [request-id: 47C95FA4-C2FA-414A-950A-54C9FF1F7B42]
[ INFO ] GET /api/chat/unread [request-id: 84697088-AD0A-401A-AF5F-4FA19B21DA75]
[ INFO ] GET /api/chat/unread [request-id: 66029F87-6A53-4CB5-88CC-31F6B43D167C]
[ INFO ] GET /api/chat/unread [request-id: C01EF177-9BD1-4F33-BDF2-3B99AEB0D217]
[ INFO ] GET /api/chat/unread [request-id: E8855B83-EEC7-4D9D-A30E-98E89123AAA1]
[ INFO ] GET /api/chat/unread [request-id: 5D30D5DD-CFCE-4AAD-8A4D-335D795C1091]
[ INFO ] GET /api/chat/unread [request-id: 3F941723-E7A9-488E-B34E-9B6EFA5746CA]
[ INFO ] GET /api/chat/unread [request-id: CBBE97AD-6059-41AA-A2F8-1AEDB0FF8F1D]
[ INFO ] GET /api/chat/unread [request-id: 21E84BE0-2C7D-4C4F-B0E9-C3C6E9FD0FB1]
[ INFO ] GET /api/chat/unread [request-id: CED71A74-6202-4879-857F-99BBA6A404D0]
[ INFO ] GET /admin/index.html [request-id: 2BDEC147-ADBE-4CDE-9C08-2C4F170B4D22]
[ INFO ] GET /api/games [request-id: D305B57D-B98A-4EEC-99B3-2DA5B3D42A0F]
[ INFO ] GET /api/admin/students [request-id: 52C162E2-CE48-4E1E-B701-53BCC6B593C2]
[ INFO ] GET /api/admin/overview [request-id: 8DA41B81-8F93-434C-ACDE-A8408D270984]
[ INFO ] GET /api/chat/unread [request-id: B48944F4-366D-4744-B9B3-2A9F0ACF5AD1]
[ INFO ] GET /api/admin/vocab/topics [request-id: A2A918DC-9C82-4590-99C1-9A12ACB8EFF9]
[ INFO ] GET /api/chat/all [request-id: 8C87D254-0F23-4B9E-A7BD-BAB4CF7B0C8D]
[ INFO ] GET /api/admin/klassen/list [request-id: 189D884C-307D-45E5-94C7-3C6C27214D50]
[ INFO ] GET /api/chat/unread [request-id: E6CF78F2-208C-4CFA-96CA-A9CFA6E2B6D8]
[ INFO ] GET /api/chat/unread [request-id: 1A4CFA7D-0965-4903-B81F-5E167A5E2386]
[ INFO ] GET /api/chat/unread [request-id: EC69A008-2A5C-42D3-AE11-DBC327BF021E]
[ INFO ] GET /api/chat/unread [request-id: 97226FF2-B9F1-4748-9FD1-18A634F0C463]
[ INFO ] GET /api/chat/unread [request-id: 0F399CB2-79DA-4590-9CCE-671603145FB4]
[ INFO ] GET /api/chat/unread [request-id: 93F47C80-DB03-4B1D-BD6D-E3878052F930]
[ INFO ] GET /api/chat/unread [request-id: 420D1031-0C33-441C-BFD8-392B1AFC707F]
[ INFO ] GET /api/chat/unread [request-id: 840E5CE4-5E32-4D74-ADD2-49DC64DA5F51]
[ INFO ] GET /api/chat/unread [request-id: 1CFF2EEE-8D9C-4660-99DB-95543049EDF3]
[ INFO ] GET /api/chat/unread [request-id: 105F2892-370D-4F49-A0B8-A4BF58FDC43D]
[ INFO ] GET /api/chat/unread [request-id: 835C8C14-3E0D-4743-A7C9-84F67BFA6A4D]
[ INFO ] GET /api/chat/unread [request-id: 65736B58-6B43-403B-BE93-A0D2B28C86F2]
[ INFO ] GET /api/chat/unread [request-id: D6B1EE3D-8D70-4413-9E8D-B27CD3090459]
[ INFO ] GET /api/chat/unread [request-id: B2235AB9-E130-4989-852C-C94AA8FA1F84]
[ INFO ] GET /api/chat/unread [request-id: 0F6F8483-D3C2-4005-91C3-462F74F4FA50]
[ INFO ] GET /hub.html [request-id: B367238C-275D-4E5D-AE08-7815CD740506]
[ INFO ] GET /api/personal/93D33D62-1E7D-4025-8084-6805D4674AE3 [request-id: C74CBE17-AA95-4535-9D7F-4CF16CA50920]
[ INFO ] GET /api/ai/feedback/player/93D33D62-1E7D-4025-8084-6805D4674AE3 [request-id: 7A26B51A-31F0-4BF1-9DD2-4A3BEB53D811]
[ INFO ] GET /api/vocab/stats/93D33D62-1E7D-4025-8084-6805D4674AE3 [request-id: 4B62324E-FA96-4C04-99C7-C1F5E6716AA0]
[ INFO ] GET /api/badges/player/93D33D62-1E7D-4025-8084-6805D4674AE3 [request-id: 184F799A-0A8D-4B76-9EA6-006D76297A15]
[ INFO ] GET /api/players/93D33D62-1E7D-4025-8084-6805D4674AE3/stats [request-id: E59839AE-4171-4B62-A955-7BD128B3A68B]
[ INFO ] GET /api/games/for/93D33D62-1E7D-4025-8084-6805D4674AE3 [request-id: D9976688-79F0-4BBB-9025-185132BF5401]
[ INFO ] GET /apple-touch-icon.png [request-id: 64A60B77-4BA4-44A4-B903-4150DEDD5AB2]
[ INFO ] GET /favicon.ico [request-id: 85183049-05AB-44B6-8480-1CE8CAEAC0CC]
[ INFO ] GET /apple-touch-icon-precomposed.png [request-id: FF038F4D-4B03-432E-B7A3-D10346D3BB4C]
[ INFO ] GET /api/chat/unread [request-id: 9C8D06C9-DA1F-47E5-9303-F8B2FA5E4ED5]
[ INFO ] GET /api/chat/unread [request-id: 8D707D39-9ACB-4915-A2A6-D8461E452A8C]
[ INFO ] GET /api/chat/unread [request-id: AA1226C4-77A2-4D06-A808-B94DA76A805B]
[ INFO ] GET /materials.html [request-id: 60142629-21DF-4A4C-9382-50D1F8EBE0B3]
[ INFO ] GET /api/materials/admin/list-materials [request-id: 1F3492E7-4B5C-4D2A-8B3A-CCF164866BA2]
[ INFO ] GET /api/materials/submissions/93D33D62-1E7D-4025-8084-6805D4674AE3 [request-id: 8E994378-463F-4D85-8913-FC863A397A37]
[ INFO ] GET /api/chat/unread [request-id: 421B9EE2-85BC-49CD-8381-7CFA9CA860DA]
[ INFO ] GET /api/chat/unread [request-id: A41E0E2D-B42D-4838-A985-0DE3B4379826]
[ INFO ] GET /api/chat/unread [request-id: 55CB6EDF-E2C5-4899-8345-FCE784021FCA]
[ INFO ] GET /api/chat/unread [request-id: F63E6899-63A6-4BEB-B14E-A91EE88DE2F5]
[ INFO ] GET /api/chat/unread [request-id: 32A30445-C00C-40A2-9E9F-2B626D553A71]
[ INFO ] GET /api/chat/unread [request-id: A6BE10D8-A294-45AD-9BD1-BE059682AFA5]
[ INFO ] GET /api/chat/unread [request-id: D0AC21BF-1900-487E-8F60-A9027E785832]
[ INFO ] GET /hub.html [request-id: 1339E67B-C2B8-430B-ABC2-E6CD76F1CF73]
[ INFO ] GET /js/auth.js [request-id: 7B0A8EA4-8D58-4161-A9E1-400048566C8B]
[ INFO ] GET /images/lyra.jpeg [request-id: 3FFB7A9C-5A0F-4BFC-A927-E355BC863265]
[ INFO ] GET /js/cursor-fx.js [request-id: CE42258E-E6D9-4A7E-8764-ABF27EA9A11A]
[ INFO ] GET /js/api.js [request-id: 59B2EB2A-19DB-46AB-8C1E-1DF92FD467FA]
[ INFO ] GET /api/personal/93D33D62-1E7D-4025-8084-6805D4674AE3 [request-id: B502DFCA-77D5-447B-AAE8-5E54BF5534FC]
[ INFO ] GET /api/players/93D33D62-1E7D-4025-8084-6805D4674AE3/stats [request-id: 495C8F48-CB4F-41E0-A10A-5B44DC03A71B]
[ INFO ] GET /api/vocab/stats/93D33D62-1E7D-4025-8084-6805D4674AE3 [request-id: 7DB050F5-FE2C-4E93-BA5C-29BB6A96DC6D]
[ INFO ] GET /api/badges/player/93D33D62-1E7D-4025-8084-6805D4674AE3 [request-id: 663DA06D-256B-44BB-BDC3-915EE13B8937]
[ INFO ] GET /api/games/for/93D33D62-1E7D-4025-8084-6805D4674AE3 [request-id: FAC91625-0BB0-47EF-9558-C55EA0526B4F]
[ INFO ] GET /api/ai/feedback/player/93D33D62-1E7D-4025-8084-6805D4674AE3 [request-id: A4A87DDB-5350-45CA-B799-72CAC2E7B492]
[ INFO ] GET /api/chat/unread [request-id: A8EFB360-075B-4138-85BA-481D47CDC76D]
[ INFO ] GET /favicon.ico [request-id: 8F35E411-6EC8-436B-BFAD-26BA39E72F12]
[ INFO ] GET /apple-touch-icon.png [request-id: 4E0377E0-8EF0-4909-8855-9567E1E8E2F6]
[ INFO ] GET /apple-touch-icon-precomposed.png [request-id: 7EBDCE59-5DBB-44F8-8C91-4BCD46917946]
[ INFO ] GET /hub.html [request-id: C0395C78-2086-4EB2-B7BE-4497EC45C98C]
[ INFO ] GET /admin/index.html [request-id: AD1EBBB1-423A-47D3-90A5-A8BBC8E63590]
[ INFO ] GET /api/chat/unread [request-id: 32DF6B67-DEEE-46AD-974C-F187EE5D71C5]
[ INFO ] GET /hub.html [request-id: 38FCF094-3141-4D5A-BFBE-7C8B35051286]
[ INFO ] GET /admin/index.html [request-id: 7BEC1E30-6195-49BC-A562-B296F343B4FF]
[ INFO ] GET /apple-touch-icon.png [request-id: ECE175DA-78D3-47A3-ACDB-4373034EEDA1]
[ INFO ] GET /favicon.ico [request-id: 98FBE561-517D-4CE1-9050-FC9CD5DACF42]
[ INFO ] GET /apple-touch-icon-precomposed.png [request-id: EF62731A-6757-4683-8AE7-78855C7570E9]
[ INFO ] GET / [request-id: FAF2977E-B3DD-46D7-9BE1-D3A35F0C7FF3]
[ INFO ] GET /css/style.css [request-id: 8E7FCEBE-BBB8-4E4E-B97A-3128ED4F828E]
[ INFO ] GET /js/cursor-fx.js [request-id: 198215B0-2878-41F0-B6D0-A6365B09808A]
[ INFO ] GET /js/api.js [request-id: D6BF0CFE-2A69-4AD1-8F00-12AC94100292]
[ INFO ] GET /js/auth.js [request-id: B52C156F-BF42-44D8-9BF8-5CA44493896E]
[ INFO ] GET /api/chat/unread [request-id: 51800B76-9314-4DF3-BAAD-F6BA19A97B15]
